<?xml version="1.0" encoding="UTF-8"?>
<!-- Generated by org.testng.reporters.JUnitReportReporter -->
<testsuite hostname="Pavanbelliber" failures="0" tests="1" name="PavanProject.Appium.AppiumBasics" time="13.988" errors="0" timestamp="2024-12-25T23:45:49 IST" skipped="0">
  <testcase classname="PavanProject.Appium.AppiumBasics" name="WifiSettingName" time="13.988"/>
</testsuite> <!-- PavanProject.Appium.AppiumBasics -->
